[2026-07-11 22:52:43] INFO [sqlalchemy.engine.Engine:1846] - select pg_catalog.version()
[2026-07-11 22:52:43] INFO [sqlalchemy.engine.Engine:1846] - [raw sql] ()
[2026-07-11 22:52:43] INFO [sqlalchemy.engine.Engine:1846] - select current_schema()
[2026-07-11 22:52:43] INFO [sqlalchemy.engine.Engine:1846] - [raw sql] ()
[2026-07-11 22:52:43] INFO [sqlalchemy.engine.Engine:1846] - show standard_conforming_strings
[2026-07-11 22:52:43] INFO [sqlalchemy.engine.Engine:1846] - [raw sql] ()
[2026-07-11 22:52:43] INFO [sqlalchemy.engine.Engine:2699] - BEGIN (implicit)
[2026-07-11 22:52:44] INFO [sqlalchemy.engine.Engine:1846] - SELECT home_sections.id, home_sections.title, home_sections.section_type, home_sections."order", home_sections.is_active, home_sections.product_ids, home_sections.config 
FROM home_sections 
WHERE home_sections.is_active = true ORDER BY home_sections."order"
[2026-07-11 22:52:44] INFO [sqlalchemy.engine.Engine:1846] - [generated in 0.00142s] ()
[2026-07-11 22:52:44] INFO [sqlalchemy.engine.Engine:2702] - ROLLBACK
[2026-07-11 22:52:44] INFO [sqlalchemy.engine.Engine:2699] - BEGIN (implicit)
[2026-07-11 22:52:44] INFO [sqlalchemy.engine.Engine:1846] - SELECT products.id, products.title, products.slug, products.description, products.product_type, products.is_prescription_ready, products.specifications, products.category_id, products.brand_id, products.is_active, products.created_at, categories_1.id AS id_1, categories_1.name, categories_1.slug AS slug_1, categories_1.parent_id, categories_1.icon_url, categories_1.is_active AS is_active_1, brands_1.id AS id_2, brands_1.name AS name_1, brands_1.slug AS slug_2, brands_1.logo_url, brands_1.description AS description_1, brands_1.is_active AS is_active_2 
FROM products LEFT OUTER JOIN categories AS categories_1 ON categories_1.id = products.category_id LEFT OUTER JOIN brands AS brands_1 ON brands_1.id = products.brand_id 
WHERE products.is_active = true 
 LIMIT $1::INTEGER OFFSET $2::INTEGER
[2026-07-11 22:52:44] INFO [sqlalchemy.engine.Engine:1846] - [generated in 0.00420s] (4, 0)
[2026-07-11 22:52:44] INFO [sqlalchemy.engine.Engine:2702] - ROLLBACK
[2026-07-11 22:52:44] INFO [sqlalchemy.engine.Engine:2699] - BEGIN (implicit)
[2026-07-11 22:52:44] INFO [sqlalchemy.engine.Engine:1846] - SELECT products.id, products.title, products.slug, products.description, products.product_type, products.is_prescription_ready, products.specifications, products.category_id, products.brand_id, products.is_active, products.created_at, categories_1.id AS id_1, categories_1.name, categories_1.slug AS slug_1, categories_1.parent_id, categories_1.icon_url, categories_1.is_active AS is_active_1, brands_1.id AS id_2, brands_1.name AS name_1, brands_1.slug AS slug_2, brands_1.logo_url, brands_1.description AS description_1, brands_1.is_active AS is_active_2 
FROM products LEFT OUTER JOIN categories AS categories_1 ON categories_1.id = products.category_id LEFT OUTER JOIN brands AS brands_1 ON brands_1.id = products.brand_id 
WHERE products.is_active = true 
 LIMIT $1::INTEGER OFFSET $2::INTEGER
[2026-07-11 22:52:44] INFO [sqlalchemy.engine.Engine:1846] - [cached since 0.1132s ago] (5, 0)
[2026-07-11 22:52:44] INFO [sqlalchemy.engine.Engine:2702] - ROLLBACK
[2026-07-11 22:52:46] INFO [sqlalchemy.engine.Engine:2699] - BEGIN (implicit)
[2026-07-11 22:52:46] INFO [sqlalchemy.engine.Engine:1846] - SELECT home_sections.id, home_sections.title, home_sections.section_type, home_sections."order", home_sections.is_active, home_sections.product_ids, home_sections.config 
FROM home_sections 
WHERE home_sections.is_active = true ORDER BY home_sections."order"
[2026-07-11 22:52:46] INFO [sqlalchemy.engine.Engine:1846] - [cached since 2.582s ago] ()
[2026-07-11 22:52:46] INFO [sqlalchemy.engine.Engine:2702] - ROLLBACK
[2026-07-11 22:52:46] INFO [sqlalchemy.engine.Engine:2699] - BEGIN (implicit)
[2026-07-11 22:52:46] INFO [sqlalchemy.engine.Engine:1846] - SELECT products.id, products.title, products.slug, products.description, products.product_type, products.is_prescription_ready, products.specifications, products.category_id, products.brand_id, products.is_active, products.created_at, categories_1.id AS id_1, categories_1.name, categories_1.slug AS slug_1, categories_1.parent_id, categories_1.icon_url, categories_1.is_active AS is_active_1, brands_1.id AS id_2, brands_1.name AS name_1, brands_1.slug AS slug_2, brands_1.logo_url, brands_1.description AS description_1, brands_1.is_active AS is_active_2 
FROM products LEFT OUTER JOIN categories AS categories_1 ON categories_1.id = products.category_id LEFT OUTER JOIN brands AS brands_1 ON brands_1.id = products.brand_id 
WHERE products.is_active = true 
 LIMIT $1::INTEGER OFFSET $2::INTEGER
[2026-07-11 22:52:46] INFO [sqlalchemy.engine.Engine:1846] - [cached since 2.495s ago] (4, 0)
[2026-07-11 22:52:46] INFO [sqlalchemy.engine.Engine:2699] - BEGIN (implicit)
[2026-07-11 22:52:46] INFO [sqlalchemy.engine.Engine:1846] - SELECT products.id, products.title, products.slug, products.description, products.product_type, products.is_prescription_ready, products.specifications, products.category_id, products.brand_id, products.is_active, products.created_at, categories_1.id AS id_1, categories_1.name, categories_1.slug AS slug_1, categories_1.parent_id, categories_1.icon_url, categories_1.is_active AS is_active_1, brands_1.id AS id_2, brands_1.name AS name_1, brands_1.slug AS slug_2, brands_1.logo_url, brands_1.description AS description_1, brands_1.is_active AS is_active_2 
FROM products LEFT OUTER JOIN categories AS categories_1 ON categories_1.id = products.category_id LEFT OUTER JOIN brands AS brands_1 ON brands_1.id = products.brand_id 
WHERE products.is_active = true 
 LIMIT $1::INTEGER OFFSET $2::INTEGER
[2026-07-11 22:52:46] INFO [sqlalchemy.engine.Engine:1846] - [cached since 2.5s ago] (5, 0)
[2026-07-11 22:52:46] INFO [sqlalchemy.engine.Engine:2702] - ROLLBACK
[2026-07-11 22:52:46] INFO [sqlalchemy.engine.Engine:2702] - ROLLBACK
[2026-07-11 22:52:49] INFO [sqlalchemy.engine.Engine:2699] - BEGIN (implicit)
[2026-07-11 22:52:49] INFO [sqlalchemy.engine.Engine:1846] - SELECT home_sections.id, home_sections.title, home_sections.section_type, home_sections."order", home_sections.is_active, home_sections.product_ids, home_sections.config 
FROM home_sections 
WHERE home_sections.is_active = true ORDER BY home_sections."order"
[2026-07-11 22:52:49] INFO [sqlalchemy.engine.Engine:1846] - [cached since 5.093s ago] ()
[2026-07-11 22:52:49] INFO [sqlalchemy.engine.Engine:2702] - ROLLBACK
[2026-07-11 22:52:49] INFO [sqlalchemy.engine.Engine:2699] - BEGIN (implicit)
[2026-07-11 22:52:49] INFO [sqlalchemy.engine.Engine:1846] - SELECT products.id, products.title, products.slug, products.description, products.product_type, products.is_prescription_ready, products.specifications, products.category_id, products.brand_id, products.is_active, products.created_at, categories_1.id AS id_1, categories_1.name, categories_1.slug AS slug_1, categories_1.parent_id, categories_1.icon_url, categories_1.is_active AS is_active_1, brands_1.id AS id_2, brands_1.name AS name_1, brands_1.slug AS slug_2, brands_1.logo_url, brands_1.description AS description_1, brands_1.is_active AS is_active_2 
FROM products LEFT OUTER JOIN categories AS categories_1 ON categories_1.id = products.category_id LEFT OUTER JOIN brands AS brands_1 ON brands_1.id = products.brand_id 
WHERE products.is_active = true 
 LIMIT $1::INTEGER OFFSET $2::INTEGER
[2026-07-11 22:52:49] INFO [sqlalchemy.engine.Engine:1846] - [cached since 5.141s ago] (5, 0)
[2026-07-11 22:52:49] INFO [sqlalchemy.engine.Engine:2702] - ROLLBACK
[2026-07-11 22:52:49] INFO [sqlalchemy.engine.Engine:2699] - BEGIN (implicit)
[2026-07-11 22:52:49] INFO [sqlalchemy.engine.Engine:1846] - SELECT products.id, products.title, products.slug, products.description, products.product_type, products.is_prescription_ready, products.specifications, products.category_id, products.brand_id, products.is_active, products.created_at, categories_1.id AS id_1, categories_1.name, categories_1.slug AS slug_1, categories_1.parent_id, categories_1.icon_url, categories_1.is_active AS is_active_1, brands_1.id AS id_2, brands_1.name AS name_1, brands_1.slug AS slug_2, brands_1.logo_url, brands_1.description AS description_1, brands_1.is_active AS is_active_2 
FROM products LEFT OUTER JOIN categories AS categories_1 ON categories_1.id = products.category_id LEFT OUTER JOIN brands AS brands_1 ON brands_1.id = products.brand_id 
WHERE products.is_active = true 
 LIMIT $1::INTEGER OFFSET $2::INTEGER
[2026-07-11 22:52:49] INFO [sqlalchemy.engine.Engine:1846] - [cached since 5.153s ago] (4, 0)
[2026-07-11 22:52:49] INFO [sqlalchemy.engine.Engine:2702] - ROLLBACK
[2026-07-11 23:01:27] INFO [sqlalchemy.engine.Engine:1846] - select pg_catalog.version()
[2026-07-11 23:01:27] INFO [sqlalchemy.engine.Engine:1846] - [raw sql] ()
[2026-07-11 23:01:27] INFO [sqlalchemy.engine.Engine:1846] - select current_schema()
[2026-07-11 23:01:27] INFO [sqlalchemy.engine.Engine:1846] - [raw sql] ()
[2026-07-11 23:01:27] INFO [sqlalchemy.engine.Engine:1846] - show standard_conforming_strings
[2026-07-11 23:01:27] INFO [sqlalchemy.engine.Engine:1846] - [raw sql] ()
[2026-07-11 23:01:27] INFO [sqlalchemy.engine.Engine:2699] - BEGIN (implicit)
[2026-07-11 23:01:27] INFO [sqlalchemy.engine.Engine:1846] - SELECT products.id, products.title, products.slug, products.description, products.product_type, products.is_prescription_ready, products.specifications, products.category_id, products.brand_id, products.is_active, products.created_at, categories_1.id AS id_1, categories_1.name, categories_1.slug AS slug_1, categories_1.parent_id, categories_1.icon_url, categories_1.is_active AS is_active_1, brands_1.id AS id_2, brands_1.name AS name_1, brands_1.slug AS slug_2, brands_1.logo_url, brands_1.description AS description_1, brands_1.is_active AS is_active_2 
FROM products LEFT OUTER JOIN categories AS categories_1 ON categories_1.id = products.category_id LEFT OUTER JOIN brands AS brands_1 ON brands_1.id = products.brand_id 
WHERE products.is_active = true 
 LIMIT $1::INTEGER OFFSET $2::INTEGER
[2026-07-11 23:01:27] INFO [sqlalchemy.engine.Engine:1846] - [generated in 0.00195s] (20, 0)
[2026-07-11 23:01:27] INFO [sqlalchemy.engine.Engine:2702] - ROLLBACK
[2026-07-11 23:02:35] INFO [sqlalchemy.engine.Engine:1846] - select pg_catalog.version()
[2026-07-11 23:02:35] INFO [sqlalchemy.engine.Engine:1846] - [raw sql] ()
[2026-07-11 23:02:35] INFO [sqlalchemy.engine.Engine:1846] - select current_schema()
[2026-07-11 23:02:35] INFO [sqlalchemy.engine.Engine:1846] - [raw sql] ()
[2026-07-11 23:02:35] INFO [sqlalchemy.engine.Engine:1846] - show standard_conforming_strings
[2026-07-11 23:02:35] INFO [sqlalchemy.engine.Engine:1846] - [raw sql] ()
[2026-07-11 23:02:35] INFO [sqlalchemy.engine.Engine:2699] - BEGIN (implicit)
[2026-07-11 23:02:35] INFO [sqlalchemy.engine.Engine:1846] - SELECT products.id, products.title, products.slug, products.description, products.product_type, products.is_prescription_ready, products.specifications, products.category_id, products.brand_id, products.is_active, products.created_at, categories_1.id AS id_1, categories_1.name, categories_1.slug AS slug_1, categories_1.parent_id, categories_1.icon_url, categories_1.is_active AS is_active_1, brands_1.id AS id_2, brands_1.name AS name_1, brands_1.slug AS slug_2, brands_1.logo_url, brands_1.description AS description_1, brands_1.is_active AS is_active_2 
FROM products LEFT OUTER JOIN categories AS categories_1 ON categories_1.id = products.category_id LEFT OUTER JOIN brands AS brands_1 ON brands_1.id = products.brand_id 
WHERE products.is_active = true 
 LIMIT $1::INTEGER OFFSET $2::INTEGER
[2026-07-11 23:02:35] INFO [sqlalchemy.engine.Engine:1846] - [generated in 0.00112s] (20, 0)
[2026-07-11 23:02:35] INFO [sqlalchemy.engine.Engine:2702] - ROLLBACK
